Update Managed Component C1 From CMP-2008-02081-2[C0402C105K8PACTU] To CMP-2008-02081-2[C0402C105K8PACTU] in Schematic.SchDoc
Update Managed Component C2 From CMP-2008-02081-2[C0402C105K8PACTU] To CMP-2008-02081-2[C0402C105K8PACTU] in Schematic.SchDoc
Update Managed Component C3 From CMP-2008-02081-2[C0402C105K8PACTU] To CMP-2008-02081-2[C0402C105K8PACTU] in Schematic.SchDoc
Update Managed Component C4 From CMP-2008-02081-2[C0402C105K8PACTU] To CMP-2008-02081-2[C0402C105K8PACTU] in Schematic.SchDoc
Update Managed Component C5 From CMP-2008-02081-2[C0402C105K8PACTU] To CMP-2008-02081-2[C0402C105K8PACTU] in Schematic.SchDoc
Update Managed Component C6 From CMP-2006-03056-2[C0603C104J5RACTU] To CMP-2006-03056-2[C0603C104J5RACTU] in Schematic.SchDoc
Update Managed Component C7 From CMP-1037-04796-1[CAP 2.2uF 10V 1206(3216)] To CMP-1037-04796-1[CAP 2.2uF 10V 1206(3216)] in Schematic.SchDoc
Update Managed Component C8 From CMP-2008-03065-2[C0402C103J3RACTU] To CMP-2008-03065-2[C0402C103J3RACTU] in Schematic.SchDoc
Update Managed Component D1 From CMP-12225-000058-1[USBLC6-2P6] To CMP-12225-000058-1[USBLC6-2P6] in Schematic.SchDoc
Update Managed Component D2 From CMP-2000-05199-2[LTST-C191KRKT] To CMP-2000-05199-2[LTST-C191KRKT] in Schematic.SchDoc
Update Managed Component D3 From CMP-22017-000007-1[LTST-C171GKT] To CMP-22017-000007-1[LTST-C171GKT] in Schematic.SchDoc
Update Managed Component J1 From CMP-19038-000002-1[DX07S016JA3R1500] To CMP-19038-000002-1[DX07S016JA3R1500] in Schematic.SchDoc
Update Managed Component R1 From CMP-1012-00590-3[CRCW06035K10FKEA] To CMP-1012-00590-3[CRCW06035K10FKEA] in Schematic.SchDoc
Update Managed Component R2 From CMP-1012-00590-3[CRCW06035K10FKEA] To CMP-1012-00590-3[CRCW06035K10FKEA] in Schematic.SchDoc
Update Managed Component R3 From CMP-2001-00582-2[ERA-6AEB103V] To CMP-2001-00582-2[ERA-6AEB103V] in Schematic.SchDoc
Update Managed Component R4 From CMP-2001-00582-2[ERA-6AEB103V] To CMP-2001-00582-2[ERA-6AEB103V] in Schematic.SchDoc
Update Managed Component R5 From CMP-2001-00582-2[ERA-6AEB103V] To CMP-2001-00582-2[ERA-6AEB103V] in Schematic.SchDoc
Update Managed Component R6 From CMP-2000-00796-1[ERJ-3GEYJ472V] To CMP-2000-00796-1[ERJ-3GEYJ472V] in Schematic.SchDoc
Update Managed Component R7 From CMP-2000-00796-1[ERJ-3GEYJ472V] To CMP-2000-00796-1[ERJ-3GEYJ472V] in Schematic.SchDoc
Update Managed Component R8 From CMP-2002-00239-2[CRCW040282R0JNED] To CMP-2002-00239-2[CRCW040282R0JNED] in Schematic.SchDoc
Update Managed Component R9 From CMP-2002-00239-2[CRCW040282R0JNED] To CMP-2002-00239-2[CRCW040282R0JNED] in Schematic.SchDoc
Replace Part TP? Testpoint1 in C:\Users\leslier\Documents\Pico\WashrBoard\Schematic.SchDoc with Testpoint1 from Testpoint.SchLib
Replace Part TP? Testpoint1 in C:\Users\leslier\Documents\Pico\WashrBoard\Schematic.SchDoc with Testpoint1 from Testpoint.SchLib
Replace Part TP? Testpoint1 in C:\Users\leslier\Documents\Pico\WashrBoard\Schematic.SchDoc with Testpoint1 from Testpoint.SchLib
Replace Part TP? Testpoint1 in C:\Users\leslier\Documents\Pico\WashrBoard\Schematic.SchDoc with Testpoint1 from Testpoint.SchLib
Replace Part TP? Testpoint1 in C:\Users\leslier\Documents\Pico\WashrBoard\Schematic.SchDoc with Testpoint1 from Testpoint.SchLib
Replace Part TP? Testpoint1 in C:\Users\leslier\Documents\Pico\WashrBoard\Schematic.SchDoc with Testpoint1 from Testpoint.SchLib
Replace Part TP? Testpoint1 in C:\Users\leslier\Documents\Pico\WashrBoard\Schematic.SchDoc with Testpoint1 from Testpoint.SchLib
Replace Part TP? Testpoint1 in C:\Users\leslier\Documents\Pico\WashrBoard\Schematic.SchDoc with Testpoint1 from Testpoint.SchLib
Replace Part TP? Testpoint1 in C:\Users\leslier\Documents\Pico\WashrBoard\Schematic.SchDoc with Testpoint1 from Testpoint.SchLib
Replace Part TP? Testpoint1 in C:\Users\leslier\Documents\Pico\WashrBoard\Schematic.SchDoc with Testpoint1 from Testpoint.SchLib
Update Managed Component U2 From CMP-0395-00503-2[TLV1117LV33DCYR] To CMP-0395-00503-2[TLV1117LV33DCYR] in Schematic.SchDoc
Update Managed Component U3 From CMP-06324-000021-1[MIC5504-1.8YM5-TR] To CMP-06324-000021-1[MIC5504-1.8YM5-TR] in Schematic.SchDoc
