Removed Pin From Net: NetName=V3.3 Pin=U1-1
Removed Pin From Net: NetName=NetC3_2 Pin=U1-2
Removed Pin From Net: NetName=SDA Pin=U1-3
Removed Pin From Net: NetName=SCL Pin=U1-4
Removed Pin From Net: NetName=NetR8_2 Pin=U1-5
Removed Pin From Net: NetName=NetR4_1 Pin=U1-7
Removed Pin From Net: NetName=GND Pin=U1-8
Removed Pin From Net: NetName=GND Pin=U1-9
Removed Pin From Net: NetName=NetR9_2 Pin=U1-10
Removed Pin From Net: NetName=D+ Pin=U1-13
Removed Pin From Net: NetName=D- Pin=U1-14
Removed Pin From Net: NetName=NetR5_1 Pin=U1-16
Removed Pin From Net: NetName=GND Pin=U1-19_1
Added Component: Designator=U?(XCVR_ESP32-C3-WROOM-02U-N4)
Add component (AddParameter): Name = "Check_prices"; Value = "https://www.snapeda.com/parts/ESP32-C3-WROOM-02U-N4/Espressif+Systems/view-part/?ref=eda"; VariantName = "[No Variations]"
Add component (AddParameter): Name = "MF"; Value = "Espressif Systems"; VariantName = "[No Variations]"
Add component (AddParameter): Name = "MP"; Value = "ESP32-C3-WROOM-02U-N4"; VariantName = "[No Variations]"
Add component (AddParameter): Name = "Package"; Value = "SMD-19 Espressif Systems"; VariantName = "[No Variations]"
Add component (AddParameter): Name = "SnapEDA_Link"; Value = "https://www.snapeda.com/parts/ESP32-C3-WROOM-02U-N4/Espressif+Systems/view-part/?ref=snap"; VariantName = "[No Variations]"
Add component (AddParameter): Name = "Value"; Value = ""; VariantName = "[No Variations]"
Added Pin To Net: NetName=V3.3 Pin=U?-1
Added Pin To Net: NetName=NetC3_2 Pin=U?-2
Added Pin To Net: NetName=SDA Pin=U?-3
Added Pin To Net: NetName=SCL Pin=U?-4
Added Pin To Net: NetName=NetR8_2 Pin=U?-5
Added Pin To Net: NetName=NetR4_1 Pin=U?-7
Added Pin To Net: NetName=GND Pin=U?-8
Added Pin To Net: NetName=GND Pin=U?-9
Added Pin To Net: NetName=NetR9_2 Pin=U?-10
Added Pin To Net: NetName=D+ Pin=U?-13
Added Pin To Net: NetName=D- Pin=U?-14
Added Pin To Net: NetName=NetR5_1 Pin=U?-16
Added Pin To Net: NetName=GND Pin=U?-19_1
