Added Component: Designator=TP2(PCBComponent_1)
Added Component: Designator=TP3(PCBComponent_1)
Added Component: Designator=TP4(PCBComponent_1)
Added Component: Designator=TP5(PCBComponent_1)
Added Component: Designator=TP6(PCBComponent_1)
Added Component: Designator=TP7(PCBComponent_1)
Added Component: Designator=TP8(PCBComponent_1)
Added Component: Designator=TP9(PCBComponent_1)
Added Component: Designator=TP10(PCBComponent_1)
Added Component: Designator=TP11(PCBComponent_1)
Added Pin To Net: NetName=V3.3 Pin=TP2-1
Added Pin To Net: NetName=V3.3 Pin=TP3-1
Added Pin To Net: NetName=V1.8 Pin=TP4-1
Added Pin To Net: NetName=SDA Pin=TP8-1
Added Pin To Net: NetName=SCL Pin=TP10-1
Added Pin To Net: NetName=NetTP5_1 Pin=TP5-1
Added Pin To Net: NetName=NetTP5_1 Pin=U1-6
Added Net: Name=NetTP5_1
Added Pin To Net: NetName=NetTP6_1 Pin=TP6-1
Added Pin To Net: NetName=NetTP6_1 Pin=U1-18
Added Net: Name=NetTP6_1
Added Pin To Net: NetName=NetTP7_1 Pin=TP7-1
Added Pin To Net: NetName=NetTP7_1 Pin=U1-17
Added Net: Name=NetTP7_1
Added Pin To Net: NetName=NetTP9_1 Pin=TP9-1
Added Pin To Net: NetName=NetTP9_1 Pin=U1-11
Added Net: Name=NetTP9_1
Added Pin To Net: NetName=NetTP11_1 Pin=TP11-1
Added Pin To Net: NetName=NetTP11_1 Pin=U1-12
Added Net: Name=NetTP11_1
