Added Component: Designator=*1(15_Mil_Test_Point)
Added Component: Designator=*2(15_Mil_Test_Point)
Added Component: Designator=*3(15_Mil_Test_Point)
Added Component: Designator=*4(15_Mil_Test_Point)
Added Component: Designator=*5(15_Mil_Test_Point)
Added Component: Designator=*6(15_Mil_Test_Point)
Added Component: Designator=*7(15_Mil_Test_Point)
Added Component: Designator=*8(15_Mil_Test_Point)
Added Component: Designator=*9(15_Mil_Test_Point)
Added Component: Designator=*(15_Mil_Test_Point)
Add Pin To Net: Unknown Pin: Pin *2-0
Add Pin To Net: Unknown Pin: Pin *3-0
Add Pin To Net: Unknown Pin: Pin *4-0
Add Pin To Net: Unknown Pin: Pin *6-0
Add Pin To Net: Unknown Pin: Pin *8-0
Added Pin To Net: NetName=Net*1_0 Pin=U1-18
Added Net: Name=Net*1_0
Added Pin To Net: NetName=Net*5_0 Pin=U1-6
Added Net: Name=Net*5_0
Added Pin To Net: NetName=Net*7_0 Pin=U1-11
Added Net: Name=Net*7_0
Added Pin To Net: NetName=Net*9_0 Pin=U1-12
Added Net: Name=Net*9_0
Added Pin To Net: NetName=Net*_0 Pin=U1-17
Added Net: Name=Net*_0
